C51 COMPILER V9.57.0.0   MAIN                                                              04/06/2018 13:38:54 PAGE 1   


C51 COMPILER V9.57.0.0, COMPILATION OF MODULE MAIN
OBJECT MODULE PLACED IN .\Objects\main.obj
COMPILER INVOKED BY: C:\Keil_v5\C51\BIN\C51.EXE main.c OPTIMIZE(8,SPEED) BROWSE DEBUG OBJECTEXTEND PRINT(.\Listings\main
                    -.lst) TABS(2) OBJECT(.\Objects\main.obj)

line level    source

   1          //#include<reg52.h> 
   2          //#define KeyPort P3
   3          
   4          //sbit LATCH1=P2^0;
   5          //sbit LATCH2=P2^1;
   6          
   7          
   8          //unsigned char code Data[10]={0xc0,0xf9,0xa4,0xb0,0x99,0x92,0x82,0xf8,0x80,0x90};
   9          //// 0123456789  
  10          
  11          //unsigned char code Zn_data[]={0x1,0x2,0x4,0x8,0x10,0x20,0x40,0x80};
  12          //// знакоместо
  13          
  14          //void Delay (unsigned int t)
  15          //{   
  16          // while(--t);
  17          //}
  18          //void main (void)
  19          //{
  20          //  int cur_poz = 0;
  21          //  unsigned char cur_num = Data[0];
  22          //  
  23          //  while(1){
  24          //      
  25          //    
  26          //    P0 = 0xf0;
  27          //    
  28          //    
  29          //    
  30          //    
  31          //    KeyPort = 0x0f;
  32          //    if (KeyPort != 0x0f)
  33          //    {
  34          //          if (KeyPort != 0xf0)
  35          //      {
  36          //        
  37          //        KeyPort = 0x7f;
  38          //        if (KeyPort != 0x7f)
  39          //        {
  40          //          switch(KeyPort)
  41          //          {
  42          //            case 0x77:        
  43          
  44          //              cur_num = Data[5];
  45          //     
  46          //            break;    
  47          //            
  48          //          
  49          //            case 0x7b: 
  50          //    
  51          //            cur_num = Data[6];
  52          //            
  53          //            break;
  54          //            
C51 COMPILER V9.57.0.0   MAIN                                                              04/06/2018 13:38:54 PAGE 2   

  55          //            case 0x7d: 
  56          //              
  57          //              cur_num = Data[7];
  58          //    
  59          //            break;
  60          //            
  61          //            case 0x7e: 
  62          
  63          //            cur_num = Data[8];
  64          //    
  65          //            
  66          //            break;
  67          //          }
  68          //          
  69          //          
  70          //          
  71          //          
  72          //          
  73          //        }
  74          //        
  75          //          KeyPort = 0xbf;
  76          //        if (KeyPort != 0xbf)
  77          //        {
  78          //          
  79          //          
  80          //          
  81          //          
  82          //          
  83          //          switch(KeyPort)
  84          //          {
  85          //            case 0xb7: 
  86          
  87          //              cur_num = Data[1];
  88          //    
  89          //            break;  
  90          //            
  91          //            
  92          //            case 0xbb: 
  93          //    
  94          //              cur_num = Data[2];
  95          //    
  96          //            break;
  97          //            
  98          //            case 0xbd: 
  99          //              
 100          //            cur_num = Data[3];
 101          //    
 102          //            break;
 103          //            
 104          //            case 0xbe: 
 105          //              
 106          //              cur_num = Data[4];
 107          //    
 108          //            break;
 109          //          }
 110          //        }
 111          //        
 112          //          
 113          //        
 114          //          
 115          //        P1 = Zn_data[cur_poz];
 116          //        
C51 COMPILER V9.57.0.0   MAIN                                                              04/06/2018 13:38:54 PAGE 3   

 117          //        if(cur_poz == 7){
 118          //          cur_poz = 0;
 119          //        }
 120          //        else{
 121          //          cur_poz++;
 122          //        }
 123          //        
 124          //          
 125          //        
 126          //          Delay(50000);
 127          //          LATCH2 = 1;    
 128          //          LATCH2 = 0;
 129          //          
 130          //          P1 = cur_num;
 131          //          
 132          //          LATCH1 = 1;    
 133          //          LATCH1 = 0;
 134          //        
 135          //          
 136          //          
 137          //          
 138          //        
 139          //      }
 140          //      
 141          //    }
 142          //  
 143          
 144          //      
 145          //      
 146          //      
 147          //      
 148          //      
 149          //    
 150          //    
 151          //  }
 152          //  
 153          //}
 154          
 155          
 156          #include<reg52.h> 
 157          #include<intrins.h>
 158          
 159          sbit RS = P2^4;   
 160          sbit RW = P2^3;
 161          sbit EN = P2^2;
 162          sbit P20=P2^0;
 163          sbit P21=P2^1;
 164          sbit P35 = P3^5;
 165          
 166          #define RS_CLR RS=0 
 167          #define RS_SET RS=1
 168          
 169          #define RW_CLR RW=0 
 170          #define RW_SET RW=1 
 171          
 172          #define EN_CLR EN=0
 173          #define EN_SET EN=1
 174          
 175          #define DataPort P0
 176          
 177          void DelayUs2x(unsigned char t)
 178          {   
C51 COMPILER V9.57.0.0   MAIN                                                              04/06/2018 13:38:54 PAGE 4   

 179   1       while(--t);
 180   1      }
 181          
 182          void DelayMs(unsigned char t)
 183          {
 184   1           
 185   1       while(t--)
 186   1       {
 187   2       
 188   2           DelayUs2x(245);
 189   2         DelayUs2x(245);
 190   2       }
 191   1      }
 192          
 193           bit LCD_Check_Busy(void) 
 194           { 
 195   1       DataPort= 0xFF; 
 196   1       RS_CLR; 
 197   1       RW_SET; 
 198   1       EN_CLR; 
 199   1       _nop_(); 
 200   1       EN_SET;
 201   1       return (bit)(DataPort & 0x80);
 202   1       }
 203          
 204           void LCD_Write_Com(unsigned char com) 
 205           {  
 206   1       while(LCD_Check_Busy()); 
 207   1       RS_CLR; 
 208   1       RW_CLR; 
 209   1       EN_SET; 
 210   1       DataPort= com; 
 211   1       _nop_(); 
 212   1       EN_CLR;
 213   1       }
 214          
 215           void LCD_Write_Data(unsigned char Data) 
 216           { 
 217   1       while(LCD_Check_Busy()); 
 218   1       RS_SET; 
 219   1       RW_CLR; 
 220   1       EN_SET; 
 221   1       DataPort= Data; 
 222   1       _nop_();
 223   1       EN_CLR;
 224   1       }
 225          
 226          
 227           void LCD_Clear(void) 
 228           { 
 229   1       LCD_Write_Com(0x01); 
 230   1       DelayMs(5);
 231   1       }
 232          
 233           void LCD_Write_String(unsigned char x,unsigned char y,unsigned char *s) 
 234           {     
 235   1       if (y == 0) 
 236   1        {     
 237   2         LCD_Write_Com(0x80 + x);    
 238   2        }
 239   1       else 
 240   1        {      
C51 COMPILER V9.57.0.0   MAIN                                                              04/06/2018 13:38:54 PAGE 5   

 241   2        LCD_Write_Com(0xC0 + x);     
 242   2        }        
 243   1       while (*s) 
 244   1        {     
 245   2       LCD_Write_Data( *s);     
 246   2       s ++;     
 247   2        }
 248   1       }
 249          
 250           void LCD_Write_Char(unsigned char x,unsigned char y,unsigned char Data) 
 251           {     
 252   1       if (y == 0) 
 253   1        {     
 254   2        LCD_Write_Com(0x80 + x);     
 255   2        }    
 256   1       else 
 257   1        {     
 258   2        LCD_Write_Com(0xC0 + x);     
 259   2        }        
 260   1       LCD_Write_Data( Data);  
 261   1       }
 262          
 263           void LCD_Init(void) 
 264           {
 265   1         LCD_Write_Com(0x38);   
 266   1         DelayMs(5); 
 267   1         LCD_Write_Com(0x38); 
 268   1         DelayMs(5); 
 269   1         LCD_Write_Com(0x38); 
 270   1         DelayMs(5); 
 271   1         LCD_Write_Com(0x38);  
 272   1         LCD_Write_Com(0x08);   
 273   1         LCD_Write_Com(0x01);   
 274   1         LCD_Write_Com(0x06);    
 275   1         DelayMs(5); 
 276   1         LCD_Write_Com(0x0C);   
 277   1         }
 278             
 279          
 280          void main(void) 
 281          { 
 282   1        P1=0x00;
 283   1        P20=0; 
 284   1        P21=0; 
 285   1        P35=0; 
 286   1        P1=0xFF;
 287   1      LCD_Init(); 
 288   1      LCD_Clear();
 289   1      while (1) 
 290   1       {  
 291   2        LCD_Write_Char(7,0,'o');
 292   2        LCD_Write_Char(8,0,'k');
 293   2        LCD_Write_String(1,1,"HK_Electronics");
 294   2        while(1);
 295   2       }
 296   1      }
 297          
 298          
 299          
 300          
 301          

C51 COMPILER V9.57.0.0   MAIN                                                              04/06/2018 13:38:54 PAGE 6   


MODULE INFORMATION:   STATIC OVERLAYABLE
   CODE SIZE        =    239    ----
   CONSTANT SIZE    =     15    ----
   XDATA SIZE       =   ----    ----
   PDATA SIZE       =   ----    ----
   DATA SIZE        =   ----    ----
   IDATA SIZE       =   ----    ----
   BIT SIZE         =   ----    ----
END OF MODULE INFORMATION.


C51 COMPILATION COMPLETE.  0 WARNING(S),  0 ERROR(S)
